[2026-03-11 00:00:00] INIT - Repository created. Let the contributions begin!
[Wed Mar 11 23:08:08 WET 2026] weekend activity: 3 of 3 — logged chill session
[Wed Mar 11 23:14:14 WET 2026] weekend chill
[Thu Mar 12 09:36:59 WET 2026] coffee break
[Thu Mar 12 18:16:19 WET 2026] weekend chill
[Sat Mar 14 14:34:24 WET 2026] weekend chill
[Thu Mar 19 16:51:21 WET 2026] weekend chill
[Sun Mar 22 14:34:56 WET 2026] weekend chill
[Wed Mar 25 11:02:27 CET 2026] coffee break
[Wed Apr  1 09:16:18 WEST 2026] coffee break
[Thu Apr  2 13:25:57 WEST 2026] pushed quantum facts, collatz explorer, and aurora palette
[Fri Apr  3 09:25:25 WEST 2026] coffee break
[Fri Apr  3 13:25:25 WEST 2026] coffee break
[Sat Apr  4 14:33:17 WEST 2026] weekend chill
[Thu Apr  9 13:25:21 WEST 2026] coffee break
[Tue Apr 14 17:29:22 WEST 2026] coffee break
[Thu Apr 16 17:25:20 WEST 2026] coffee break
[Fri Apr 17 06:48:40 WEST 2026] completed wisdom fact, random walk sim, color palette, and activity log
[Fri Apr 17 06:50:04 WEST 2026] weekend chill
[Sat Apr 18 14:35:07 WEST 2026] weekend chill
[Fri Apr 24 10:25:03 CEST 2026] coffee break
[Sun Apr 26 19:15:40 WEST 2026] weekend chill
[Mon Apr 27 09:25:37 WEST 2026] coffee break
[Wed May  6 09:25:11 WEST 2026] coffee break
[Sun May 10 13:22:45 WEST 2026] weekend chill
[Tue May 12 17:25:51 WEST 2026] coffee break
[Sat May 16 14:35:03 WEST 2026] weekend chill
[Sun May 17 14:35:02 WEST 2026] weekend chill
[Wed May 20 09:26:01 WEST 2026] coffee break
[Thu May 21 13:26:08 WEST 2026] coffee break
[Thu May 21 17:25:56 WEST 2026] coffee break
[Fri May 22 13:26:13 WEST 2026] coffee break
[Sun May 24 15:55:21 WEST 2026] ran experiments, touched some files, generally thrived
[Mon May 25 09:31:42 WEST 2026] processed morning batch
[Mon May 25 09:33:39 WEST 2026] afternoon processing complete
[Thu May 28 17:26:35 WEST 2026] went on a productivity binge
[Mon Jun  1 13:26:11 WEST 2026] coffee break
[Wed Jun  3 13:26:07 WEST 2026] coffee break
[Thu Jun  4 09:25:07 WEST 2026] coffee break
[Sat Jun  6 14:34:47 WEST 2026] weekend chill
[Tue Jun  9 13:26:53 WEST 2026] burst session: 8 activities completed (7 commits + 1 PR merge)
[Tue Jun  9 20:47:05 WEST 2026] coffee break
[Sat Jun 13 19:09:13 WEST 2026] weekend chill
[Sat Jun 20 11:38:59 WEST 2026] coffee break
[Sat Jun 20 14:34:43 WEST 2026] weekend chill
[Tue Jul  7 13:20:20 WEST 2026] coffee break
[Thu Jul 16 09:27:05 WEST 2026] discovered that vellichor is the strange wistfulness of used bookshops
[Thu Jul 16 13:26:04 WEST 2026] coffee break
[Fri Jul 17 16:03:53 WEST 2026] coffee break
